<?xml version="1.0" encoding="UTF-8"?>
<testng-results skipped="0" failed="0" ignored="0" total="1" passed="1">
  <reporter-output>
  </reporter-output>
  <suite name="Suite" duration-ms="26449" started-at="2019-12-27T23:22:48Z" finished-at="2019-12-27T23:23:14Z">
    <groups>
    </groups>
    <test name="Test" duration-ms="26449" started-at="2019-12-27T23:22:48Z" finished-at="2019-12-27T23:23:14Z">
      <class name="BrowserTest">
        <test-method status="PASS" signature="setupTest()[pri:0, instance:BrowserTest@42d80b78]" name="setupTest" is-config="true" duration-ms="16652" started-at="2019-12-27T23:22:48Z" finished-at="2019-12-27T23:23:05Z">
          <reporter-output>
          </reporter-output>
        </test-method> <!-- setupTest -->
        <test-method status="PASS" signature="test()[pri:0, instance:BrowserTest@42d80b78]" name="test" duration-ms="9356" started-at="2019-12-27T23:23:05Z" finished-at="2019-12-27T23:23:14Z">
          <reporter-output>
          </reporter-output>
        </test-method> <!-- test -->
        <test-method status="PASS" signature="tearDownTest()[pri:0, instance:BrowserTest@42d80b78]" name="tearDownTest" is-config="true" duration-ms="370" started-at="2019-12-27T23:23:14Z" finished-at="2019-12-27T23:23:14Z">
          <reporter-output>
          </reporter-output>
        </test-method> <!-- tearDownTest -->
      </class> <!-- BrowserTest -->
    </test> <!-- Test -->
  </suite> <!-- Suite -->
</testng-results>
